# JRE version: OpenJDK Runtime Environment Temurin-17.0.10+7 (17.0.10+7) (build 17.0.10+7)
# Java VM: OpenJDK 64-Bit Server VM Temurin-17.0.10+7 (17.0.10+7, mixed mode, tiered, compressed oops, compressed class ptrs, parallel gc, windows-amd64)
GC Precious Log:
 CPUs: 6 total, 6 available
 Memory: 7564M
 Large Page Support: Disabled
 NUMA Support: Disabled
 Compressed Oops: Enabled (32-bit)
 Alignments: Space 512K, Generation 512K, Heap 2M
 Heap Min Capacity: 100M
 Heap Initial Capacity: 100M
 Heap Max Capacity: 1G
 Pre-touch: Disabled
 Parallel Workers: 6
Heap:
 PSYoungGen      total 3072K, used 586K [0x00000000eab00000, 0x00000000eaf00000, 0x0000000100000000)
  eden space 2560K, 8% used [0x00000000eab00000,0x00000000eab3b350,0x00000000ead80000)
  from space 512K, 73% used [0x00000000ead80000,0x00000000eadde900,0x00000000eae00000)
  to   space 512K, 0% used [0x00000000eae80000,0x00000000eae80000,0x00000000eaf00000)
 ParOldGen       total 246784K, used 237433K [0x00000000c0000000, 0x00000000cf100000, 0x00000000eab00000)
  object space 246784K, 96% used [0x00000000c0000000,0x00000000ce7de4c8,0x00000000cf100000)
 Metaspace       used 85821K, committed 87296K, reserved 1179648K
  class space    used 8770K, committed 9408K, reserved 1048576K
GC Heap History (20 events):
Event: 312.405 GC heap before
{Heap before GC invocations=685 (full 20):
 PSYoungGen      total 2048K, used 1860K [0x00000000eab00000, 0x00000000eaf00000, 0x0000000100000000)
  eden space 1536K, 100% used [0x00000000eab00000,0x00000000eac80000,0x00000000eac80000)
  from space 512K, 63% used [0x00000000eae80000,0x00000000eaed1178,0x00000000eaf00000)
  to   space 512K, 0% used [0x00000000eae00000,0x00000000eae00000,0x00000000eae80000)
 ParOldGen       total 246784K, used 231941K [0x00000000c0000000, 0x00000000cf100000, 0x00000000eab00000)
  object space 246784K, 93% used [0x00000000c0000000,0x00000000ce2816f8,0x00000000cf100000)
 Metaspace       used 85357K, committed 86912K, reserved 1179648K
  class space    used 8715K, committed 9408K, reserved 1048576K
}
Event: 312.407 GC heap after
{Heap after GC invocations=685 (full 20):
 PSYoungGen      total 2048K, used 384K [0x00000000eab00000, 0x00000000eaf00000, 0x0000000100000000)
  eden space 1536K, 0% used [0x00000000eab00000,0x00000000eab00000,0x00000000eac80000)
  from space 512K, 75% used [0x00000000eae00000,0x00000000eae60000,0x00000000eae80000)
  to   space 512K, 0% used [0x00000000eae80000,0x00000000eae80000,0x00000000eaf00000)
 ParOldGen       total 246784K, used 232158K [0x00000000c0000000, 0x00000000cf100000, 0x00000000eab00000)
  object space 246784K, 94% used [0x00000000c0000000,0x00000000ce2b7880,0x00000000cf100000)
 Metaspace       used 85357K, committed 86912K, reserved 1179648K
  class space    used 8715K, committed 9408K, reserved 1048576K
}
Event: 312.419 GC heap before
{Heap before GC invocations=686 (full 20):
 PSYoungGen      total 2048K, used 1919K [0x00000000eab00000, 0x00000000eaf00000, 0x0000000100000000)
  eden space 1536K, 99% used [0x00000000eab00000,0x00000000eac7fcc0,0x00000000eac80000)
  from space 512K, 75% used [0x00000000eae00000,0x00000000eae60000,0x00000000eae80000)
  to   space 512K, 0% used [0x00000000eae80000,0x00000000eae80000,0x00000000eaf00000)
 ParOldGen       total 246784K, used 232158K [0x00000000c0000000, 0x00000000cf100000, 0x00000000eab00000)
  object space 246784K, 94% used [0x00000000c0000000,0x00000000ce2b7880,0x00000000cf100000)
 Metaspace       used 85394K, committed 86912K, reserved 1179648K
  class space    used 8722K, committed 9408K, reserved 1048576K
}
Event: 312.421 GC heap after
{Heap after GC invocations=686 (full 20):
 PSYoungGen      total 2048K, used 346K [0x00000000eab00000, 0x00000000eaf00000, 0x0000000100000000)
  eden space 1536K, 0% used [0x00000000eab00000,0x00000000eab00000,0x00000000eac80000)
  from space 512K, 67% used [0x00000000eae80000,0x00000000eaed6900,0x00000000eaf00000)
  to   space 512K, 0% used [0x00000000eae00000,0x00000000eae00000,0x00000000eae80000)
 ParOldGen       total 246784K, used 232382K [0x00000000c0000000, 0x00000000cf100000, 0x00000000eab00000)
  object space 246784K, 94% used [0x00000000c0000000,0x00000000ce2ef880,0x00000000cf100000)
 Metaspace       used 85394K, committed 86912K, reserved 1179648K
  class space    used 8722K, committed 9408K, reserved 1048576K
}
Event: 312.425 GC heap before
{Heap before GC invocations=687 (full 20):
 PSYoungGen      total 2048K, used 1882K [0x00000000eab00000, 0x00000000eaf00000, 0x0000000100000000)
  eden space 1536K, 100% used [0x00000000eab00000,0x00000000eac80000,0x00000000eac80000)
  from space 512K, 67% used [0x00000000eae80000,0x00000000eaed6900,0x00000000eaf00000)
  to   space 512K, 0% used [0x00000000eae00000,0x00000000eae00000,0x00000000eae80000)
 ParOldGen       total 246784K, used 232382K [0x00000000c0000000, 0x00000000cf100000, 0x00000000eab00000)
  object space 246784K, 94% used [0x00000000c0000000,0x00000000ce2ef880,0x00000000cf100000)
 Metaspace       used 85394K, committed 86912K, reserved 1179648K
  class space    used 8722K, committed 9408K, reserved 1048576K
}
Event: 312.427 GC heap after
{Heap after GC invocations=687 (full 20):
 PSYoungGen      total 2048K, used 480K [0x00000000eab00000, 0x00000000eaf00000, 0x0000000100000000)
  eden space 1536K, 0% used [0x00000000eab00000,0x00000000eab00000,0x00000000eac80000)
  from space 512K, 93% used [0x00000000eae00000,0x00000000eae78000,0x00000000eae80000)
  to   space 512K, 0% used [0x00000000eae80000,0x00000000eae80000,0x00000000eaf00000)
 ParOldGen       total 246784K, used 232616K [0x00000000c0000000, 0x00000000cf100000, 0x00000000eab00000)
  object space 246784K, 94% used [0x00000000c0000000,0x00000000ce32a220,0x00000000cf100000)
 Metaspace       used 85394K, committed 86912K, reserved 1179648K
  class space    used 8722K, committed 9408K, reserved 1048576K
}
Event: 312.439 GC heap before
{Heap before GC invocations=688 (full 20):
 PSYoungGen      total 2048K, used 2016K [0x00000000eab00000, 0x00000000eaf00000, 0x0000000100000000)
  eden space 1536K, 100% used [0x00000000eab00000,0x00000000eac80000,0x00000000eac80000)
  from space 512K, 93% used [0x00000000eae00000,0x00000000eae78000,0x00000000eae80000)
  to   space 512K, 0% used [0x00000000eae80000,0x00000000eae80000,0x00000000eaf00000)
 ParOldGen       total 246784K, used 232616K [0x00000000c0000000, 0x00000000cf100000, 0x00000000eab00000)
  object space 246784K, 94% used [0x00000000c0000000,0x00000000ce32a220,0x00000000cf100000)
 Metaspace       used 85442K, committed 86976K, reserved 1179648K
  class space    used 8728K, committed 9408K, reserved 1048576K
}
Event: 312.441 GC heap after
{Heap after GC invocations=688 (full 20):
 PSYoungGen      total 2048K, used 256K [0x00000000eab00000, 0x00000000eaf00000, 0x0000000100000000)
  eden space 1536K, 0% used [0x00000000eab00000,0x00000000eab00000,0x00000000eac80000)
  from space 512K, 50% used [0x00000000eae80000,0x00000000eaec0000,0x00000000eaf00000)
  to   space 512K, 0% used [0x00000000eae00000,0x00000000eae00000,0x00000000eae80000)
 ParOldGen       total 246784K, used 233008K [0x00000000c0000000, 0x00000000cf100000, 0x00000000eab00000)
  object space 246784K, 94% used [0x00000000c0000000,0x00000000ce38c220,0x00000000cf100000)
 Metaspace       used 85442K, committed 86976K, reserved 1179648K
  class space    used 8728K, committed 9408K, reserved 1048576K
}
Event: 312.445 GC heap before
{Heap before GC invocations=689 (full 20):
 PSYoungGen      total 2048K, used 1791K [0x00000000eab00000, 0x00000000eaf00000, 0x0000000100000000)
  eden space 1536K, 99% used [0x00000000eab00000,0x00000000eac7fff8,0x00000000eac80000)
  from space 512K, 50% used [0x00000000eae80000,0x00000000eaec0000,0x00000000eaf00000)
  to   space 512K, 0% used [0x00000000eae00000,0x00000000eae00000,0x00000000eae80000)
 ParOldGen       total 246784K, used 233008K [0x00000000c0000000, 0x00000000cf100000, 0x00000000eab00000)
  object space 246784K, 94% used [0x00000000c0000000,0x00000000ce38c220,0x00000000cf100000)
 Metaspace       used 85469K, committed 86976K, reserved 1179648K
  class space    used 8730K, committed 9408K, reserved 1048576K
}
Event: 312.447 GC heap after
{Heap after GC invocations=689 (full 20):
 PSYoungGen      total 2560K, used 192K [0x00000000eab00000, 0x00000000eaf00000, 0x0000000100000000)
  eden space 2048K, 0% used [0x00000000eab00000,0x00000000eab00000,0x00000000ead00000)
  from space 512K, 37% used [0x00000000eae00000,0x00000000eae30000,0x00000000eae80000)
  to   space 512K, 0% used [0x00000000eae80000,0x00000000eae80000,0x00000000eaf00000)
 ParOldGen       total 246784K, used 233160K [0x00000000c0000000, 0x00000000cf100000, 0x00000000eab00000)
  object space 246784K, 94% used [0x00000000c0000000,0x00000000ce3b2220,0x00000000cf100000)
 Metaspace       used 85469K, committed 86976K, reserved 1179648K
  class space    used 8730K, committed 9408K, reserved 1048576K
}
Event: 312.453 GC heap before
{Heap before GC invocations=690 (full 20):
 PSYoungGen      total 2560K, used 2240K [0x00000000eab00000, 0x00000000eaf00000, 0x0000000100000000)
  eden space 2048K, 100% used [0x00000000eab00000,0x00000000ead00000,0x00000000ead00000)
  from space 512K, 37% used [0x00000000eae00000,0x00000000eae30000,0x00000000eae80000)
  to   space 512K, 0% used [0x00000000eae80000,0x00000000eae80000,0x00000000eaf00000)
 ParOldGen       total 246784K, used 233160K [0x00000000c0000000, 0x00000000cf100000, 0x00000000eab00000)
  object space 246784K, 94% used [0x00000000c0000000,0x00000000ce3b2220,0x00000000cf100000)
 Metaspace       used 85487K, committed 86976K, reserved 1179648K
  class space    used 8732K, committed 9408K, reserved 1048576K
}
Event: 312.455 GC heap after
{Heap after GC invocations=690 (full 20):
 PSYoungGen      total 3072K, used 288K [0x00000000eab00000, 0x00000000eaf00000, 0x0000000100000000)
  eden space 2560K, 0% used [0x00000000eab00000,0x00000000eab00000,0x00000000ead80000)
  from space 512K, 56% used [0x00000000eae80000,0x00000000eaec8000,0x00000000eaf00000)
  to   space 512K, 0% used [0x00000000eae00000,0x00000000eae00000,0x00000000eae80000)
 ParOldGen       total 246784K, used 233288K [0x00000000c0000000, 0x00000000cf100000, 0x00000000eab00000)
  object space 246784K, 94% used [0x00000000c0000000,0x00000000ce3d2240,0x00000000cf100000)
 Metaspace       used 85487K, committed 86976K, reserved 1179648K
  class space    used 8732K, committed 9408K, reserved 1048576K
}
Event: 312.470 GC heap before
{Heap before GC invocations=691 (full 20):
 PSYoungGen      total 3072K, used 2848K [0x00000000eab00000, 0x00000000eaf00000, 0x0000000100000000)
  eden space 2560K, 100% used [0x00000000eab00000,0x00000000ead80000,0x00000000ead80000)
  from space 512K, 56% used [0x00000000eae80000,0x00000000eaec8000,0x00000000eaf00000)
  to   space 512K, 0% used [0x00000000eae00000,0x00000000eae00000,0x00000000eae80000)
 ParOldGen       total 246784K, used 233288K [0x00000000c0000000, 0x00000000cf100000, 0x00000000eab00000)
  object space 246784K, 94% used [0x00000000c0000000,0x00000000ce3d2240,0x00000000cf100000)
 Metaspace       used 85520K, committed 87040K, reserved 1179648K
  class space    used 8737K, committed 9408K, reserved 1048576K
}
Event: 312.472 GC heap after
{Heap after GC invocations=691 (full 20):
 PSYoungGen      total 3584K, used 384K [0x00000000eab00000, 0x00000000eaf00000, 0x0000000100000000)
  eden space 3072K, 0% used [0x00000000eab00000,0x00000000eab00000,0x00000000eae00000)
  from space 512K, 75% used [0x00000000eae00000,0x00000000eae60000,0x00000000eae80000)
  to   space 512K, 0% used [0x00000000eae80000,0x00000000eae80000,0x00000000eaf00000)
 ParOldGen       total 246784K, used 233464K [0x00000000c0000000, 0x00000000cf100000, 0x00000000eab00000)
  object space 246784K, 94% used [0x00000000c0000000,0x00000000ce3fe260,0x00000000cf100000)
 Metaspace       used 85520K, committed 87040K, reserved 1179648K
  class space    used 8737K, committed 9408K, reserved 1048576K
}
Event: 312.512 GC heap before
{Heap before GC invocations=692 (full 20):
 PSYoungGen      total 3584K, used 3450K [0x00000000eab00000, 0x00000000eaf00000, 0x0000000100000000)
  eden space 3072K, 99% used [0x00000000eab00000,0x00000000eadfe8d8,0x00000000eae00000)
  from space 512K, 75% used [0x00000000eae00000,0x00000000eae60000,0x00000000eae80000)
  to   space 512K, 0% used [0x00000000eae80000,0x00000000eae80000,0x00000000eaf00000)
 ParOldGen       total 246784K, used 233464K [0x00000000c0000000, 0x00000000cf100000, 0x00000000eab00000)
  object space 246784K, 94% used [0x00000000c0000000,0x00000000ce3fe260,0x00000000cf100000)
 Metaspace       used 85682K, committed 87168K, reserved 1179648K
  class space    used 8757K, committed 9408K, reserved 1048576K
}
Event: 312.514 GC heap after
{Heap after GC invocations=692 (full 20):
 PSYoungGen      total 3584K, used 480K [0x00000000eab00000, 0x00000000eaf00000, 0x0000000100000000)
  eden space 3072K, 0% used [0x00000000eab00000,0x00000000eab00000,0x00000000eae00000)
  from space 512K, 93% used [0x00000000eae80000,0x00000000eaef8020,0x00000000eaf00000)
  to   space 512K, 0% used [0x00000000eae00000,0x00000000eae00000,0x00000000eae80000)
 ParOldGen       total 246784K, used 233716K [0x00000000c0000000, 0x00000000cf100000, 0x00000000eab00000)
  object space 246784K, 94% used [0x00000000c0000000,0x00000000ce43d290,0x00000000cf100000)
 Metaspace       used 85682K, committed 87168K, reserved 1179648K
  class space    used 8757K, committed 9408K, reserved 1048576K
}
Event: 312.561 GC heap before
{Heap before GC invocations=693 (full 20):
 PSYoungGen      total 3584K, used 3552K [0x00000000eab00000, 0x00000000eaf00000, 0x0000000100000000)
  eden space 3072K, 100% used [0x00000000eab00000,0x00000000eae00000,0x00000000eae00000)
  from space 512K, 93% used [0x00000000eae80000,0x00000000eaef8020,0x00000000eaf00000)
  to   space 512K, 0% used [0x00000000eae00000,0x00000000eae00000,0x00000000eae80000)
 ParOldGen       total 246784K, used 233716K [0x00000000c0000000, 0x00000000cf100000, 0x00000000eab00000)
  object space 246784K, 94% used [0x00000000c0000000,0x00000000ce43d290,0x00000000cf100000)
 Metaspace       used 85719K, committed 87232K, reserved 1179648K
  class space    used 8765K, committed 9408K, reserved 1048576K
}
Event: 312.565 GC heap after
{Heap after GC invocations=693 (full 20):
 PSYoungGen      total 3584K, used 484K [0x00000000eab00000, 0x00000000eb000000, 0x0000000100000000)
  eden space 3072K, 0% used [0x00000000eab00000,0x00000000eab00000,0x00000000eae00000)
  from space 512K, 94% used [0x00000000eae00000,0x00000000eae79220,0x00000000eae80000)
  to   space 1024K, 0% used [0x00000000eaf00000,0x00000000eaf00000,0x00000000eb000000)
 ParOldGen       total 246784K, used 234058K [0x00000000c0000000, 0x00000000cf100000, 0x00000000eab00000)
  object space 246784K, 94% used [0x00000000c0000000,0x00000000ce492a30,0x00000000cf100000)
 Metaspace       used 85719K, committed 87232K, reserved 1179648K
  class space    used 8765K, committed 9408K, reserved 1048576K
}
Event: 312.586 GC heap before
{Heap before GC invocations=694 (full 20):
 PSYoungGen      total 3584K, used 3556K [0x00000000eab00000, 0x00000000eb000000, 0x0000000100000000)
  eden space 3072K, 100% used [0x00000000eab00000,0x00000000eae00000,0x00000000eae00000)
  from space 512K, 94% used [0x00000000eae00000,0x00000000eae79220,0x00000000eae80000)
  to   space 1024K, 0% used [0x00000000eaf00000,0x00000000eaf00000,0x00000000eb000000)
 ParOldGen       total 246784K, used 234058K [0x00000000c0000000, 0x00000000cf100000, 0x00000000eab00000)
  object space 246784K, 94% used [0x00000000c0000000,0x00000000ce492a30,0x00000000cf100000)
 Metaspace       used 85739K, committed 87232K, reserved 1179648K
  class space    used 8767K, committed 9408K, reserved 1048576K
}
Event: 312.588 GC heap after
{Heap after GC invocations=694 (full 20):
 PSYoungGen      total 4096K, used 416K [0x00000000eab00000, 0x00000000eb000000, 0x0000000100000000)
  eden space 3072K, 0% used [0x00000000eab00000,0x00000000eab00000,0x00000000eae00000)
  from space 1024K, 40% used [0x00000000eaf00000,0x00000000eaf68010,0x00000000eb000000)
  to   space 1024K, 0% used [0x00000000eae00000,0x00000000eae00000,0x00000000eaf00000)
 ParOldGen       total 246784K, used 234515K [0x00000000c0000000, 0x00000000cf100000, 0x00000000eab00000)
  object space 246784K, 95% used [0x00000000c0000000,0x00000000ce504ed8,0x00000000cf100000)
 Metaspace       used 85739K, committed 87232K, reserved 1179648K
  class space    used 8767K, committed 9408K, reserved 1048576K
}

