# JRE version: OpenJDK Runtime Environment Temurin-17.0.10+7 (17.0.10+7) (build 17.0.10+7)
# Java VM: OpenJDK 64-Bit Server VM Temurin-17.0.10+7 (17.0.10+7, mixed mode, tiered, compressed oops, compressed class ptrs, parallel gc, windows-amd64)
GC Precious Log:
 CPUs: 6 total, 6 available
 Memory: 7564M
 Large Page Support: Disabled
 NUMA Support: Disabled
 Compressed Oops: Enabled (32-bit)
 Alignments: Space 512K, Generation 512K, Heap 2M
 Heap Min Capacity: 100M
 Heap Initial Capacity: 100M
 Heap Max Capacity: 1G
 Pre-touch: Disabled
 Parallel Workers: 6
Heap:
 PSYoungGen      total 13312K, used 12090K [0x00000000eab00000, 0x00000000eba00000, 0x0000000100000000)
  eden space 11264K, 100% used [0x00000000eab00000,0x00000000eb600000,0x00000000eb600000)
  from space 2048K, 40% used [0x00000000eb600000,0x00000000eb6ce900,0x00000000eb800000)
  to   space 2048K, 0% used [0x00000000eb800000,0x00000000eb800000,0x00000000eba00000)
 ParOldGen       total 454656K, used 434544K [0x00000000c0000000, 0x00000000dbc00000, 0x00000000eab00000)
  object space 454656K, 95% used [0x00000000c0000000,0x00000000da85c2d8,0x00000000dbc00000)
 Metaspace       used 89087K, committed 90688K, reserved 1179648K
  class space    used 8935K, committed 9600K, reserved 1048576K
GC Heap History (20 events):
Event: 241.114 GC heap before
{Heap before GC invocations=914 (full 31):
 PSYoungGen      total 10752K, used 10368K [0x00000000eab00000, 0x00000000eb800000, 0x0000000100000000)
  eden space 8704K, 100% used [0x00000000eab00000,0x00000000eb380000,0x00000000eb380000)
  from space 2048K, 81% used [0x00000000eb580000,0x00000000eb720000,0x00000000eb780000)
  to   space 2048K, 0% used [0x00000000eb380000,0x00000000eb380000,0x00000000eb580000)
 ParOldGen       total 454656K, used 444958K [0x00000000c0000000, 0x00000000dbc00000, 0x00000000eab00000)
  object space 454656K, 97% used [0x00000000c0000000,0x00000000db287ba8,0x00000000dbc00000)
 Metaspace       used 89016K, committed 90624K, reserved 1179648K
  class space    used 8933K, committed 9600K, reserved 1048576K
}
Event: 241.119 GC heap after
{Heap after GC invocations=914 (full 31):
 PSYoungGen      total 10240K, used 1102K [0x00000000eab00000, 0x00000000eb680000, 0x0000000100000000)
  eden space 8704K, 0% used [0x00000000eab00000,0x00000000eab00000,0x00000000eb380000)
  from space 1536K, 71% used [0x00000000eb380000,0x00000000eb493b20,0x00000000eb500000)
  to   space 1536K, 0% used [0x00000000eb500000,0x00000000eb500000,0x00000000eb680000)
 ParOldGen       total 454656K, used 446306K [0x00000000c0000000, 0x00000000dbc00000, 0x00000000eab00000)
  object space 454656K, 98% used [0x00000000c0000000,0x00000000db3d8bf8,0x00000000dbc00000)
 Metaspace       used 89016K, committed 90624K, reserved 1179648K
  class space    used 8933K, committed 9600K, reserved 1048576K
}
Event: 241.151 GC heap before
{Heap before GC invocations=915 (full 31):
 PSYoungGen      total 10240K, used 9806K [0x00000000eab00000, 0x00000000eb680000, 0x0000000100000000)
  eden space 8704K, 100% used [0x00000000eab00000,0x00000000eb380000,0x00000000eb380000)
  from space 1536K, 71% used [0x00000000eb380000,0x00000000eb493b20,0x00000000eb500000)
  to   space 1536K, 0% used [0x00000000eb500000,0x00000000eb500000,0x00000000eb680000)
 ParOldGen       total 454656K, used 446306K [0x00000000c0000000, 0x00000000dbc00000, 0x00000000eab00000)
  object space 454656K, 98% used [0x00000000c0000000,0x00000000db3d8bf8,0x00000000dbc00000)
 Metaspace       used 89016K, committed 90624K, reserved 1179648K
  class space    used 8933K, committed 9600K, reserved 1048576K
}
Event: 241.155 GC heap after
{Heap after GC invocations=915 (full 31):
 PSYoungGen      total 9728K, used 848K [0x00000000eab00000, 0x00000000eb600000, 0x0000000100000000)
  eden space 8704K, 0% used [0x00000000eab00000,0x00000000eab00000,0x00000000eb380000)
  from space 1024K, 82% used [0x00000000eb500000,0x00000000eb5d4030,0x00000000eb600000)
  to   space 1024K, 0% used [0x00000000eb400000,0x00000000eb400000,0x00000000eb500000)
 ParOldGen       total 454656K, used 447272K [0x00000000c0000000, 0x00000000dbc00000, 0x00000000eab00000)
  object space 454656K, 98% used [0x00000000c0000000,0x00000000db4ca368,0x00000000dbc00000)
 Metaspace       used 89016K, committed 90624K, reserved 1179648K
  class space    used 8933K, committed 9600K, reserved 1048576K
}
Event: 241.250 GC heap before
{Heap before GC invocations=916 (full 31):
 PSYoungGen      total 9728K, used 9552K [0x00000000eab00000, 0x00000000eb600000, 0x0000000100000000)
  eden space 8704K, 100% used [0x00000000eab00000,0x00000000eb380000,0x00000000eb380000)
  from space 1024K, 82% used [0x00000000eb500000,0x00000000eb5d4030,0x00000000eb600000)
  to   space 1024K, 0% used [0x00000000eb400000,0x00000000eb400000,0x00000000eb500000)
 ParOldGen       total 454656K, used 447272K [0x00000000c0000000, 0x00000000dbc00000, 0x00000000eab00000)
  object space 454656K, 98% used [0x00000000c0000000,0x00000000db4ca368,0x00000000dbc00000)
 Metaspace       used 89017K, committed 90688K, reserved 1179648K
  class space    used 8933K, committed 9600K, reserved 1048576K
}
Event: 241.255 GC heap after
{Heap after GC invocations=916 (full 31):
 PSYoungGen      total 9728K, used 1017K [0x00000000eab00000, 0x00000000eb880000, 0x0000000100000000)
  eden space 8704K, 0% used [0x00000000eab00000,0x00000000eab00000,0x00000000eb380000)
  from space 1024K, 99% used [0x00000000eb400000,0x00000000eb4fe410,0x00000000eb500000)
  to   space 2560K, 0% used [0x00000000eb600000,0x00000000eb600000,0x00000000eb880000)
 ParOldGen       total 454656K, used 448156K [0x00000000c0000000, 0x00000000dbc00000, 0x00000000eab00000)
  object space 454656K, 98% used [0x00000000c0000000,0x00000000db5a73b8,0x00000000dbc00000)
 Metaspace       used 89017K, committed 90688K, reserved 1179648K
  class space    used 8933K, committed 9600K, reserved 1048576K
}
Event: 241.264 GC heap before
{Heap before GC invocations=917 (full 31):
 PSYoungGen      total 9728K, used 9721K [0x00000000eab00000, 0x00000000eb880000, 0x0000000100000000)
  eden space 8704K, 100% used [0x00000000eab00000,0x00000000eb380000,0x00000000eb380000)
  from space 1024K, 99% used [0x00000000eb400000,0x00000000eb4fe410,0x00000000eb500000)
  to   space 2560K, 0% used [0x00000000eb600000,0x00000000eb600000,0x00000000eb880000)
 ParOldGen       total 454656K, used 448156K [0x00000000c0000000, 0x00000000dbc00000, 0x00000000eab00000)
  object space 454656K, 98% used [0x00000000c0000000,0x00000000db5a73b8,0x00000000dbc00000)
 Metaspace       used 89017K, committed 90688K, reserved 1179648K
  class space    used 8933K, committed 9600K, reserved 1048576K
}
Event: 241.268 GC heap after
{Heap after GC invocations=917 (full 31):
 PSYoungGen      total 11776K, used 1380K [0x00000000eab00000, 0x00000000eb900000, 0x0000000100000000)
  eden space 9216K, 0% used [0x00000000eab00000,0x00000000eab00000,0x00000000eb400000)
  from space 2560K, 53% used [0x00000000eb600000,0x00000000eb759210,0x00000000eb880000)
  to   space 2048K, 0% used [0x00000000eb400000,0x00000000eb400000,0x00000000eb600000)
 ParOldGen       total 454656K, used 449170K [0x00000000c0000000, 0x00000000dbc00000, 0x00000000eab00000)
  object space 454656K, 98% used [0x00000000c0000000,0x00000000db6a4828,0x00000000dbc00000)
 Metaspace       used 89017K, committed 90688K, reserved 1179648K
  class space    used 8933K, committed 9600K, reserved 1048576K
}
Event: 241.270 GC heap before
{Heap before GC invocations=918 (full 31):
 PSYoungGen      total 11776K, used 9642K [0x00000000eab00000, 0x00000000eb900000, 0x0000000100000000)
  eden space 9216K, 89% used [0x00000000eab00000,0x00000000eb311718,0x00000000eb400000)
  from space 2560K, 53% used [0x00000000eb600000,0x00000000eb759210,0x00000000eb880000)
  to   space 2048K, 0% used [0x00000000eb400000,0x00000000eb400000,0x00000000eb600000)
 ParOldGen       total 454656K, used 449170K [0x00000000c0000000, 0x00000000dbc00000, 0x00000000eab00000)
  object space 454656K, 98% used [0x00000000c0000000,0x00000000db6a4828,0x00000000dbc00000)
 Metaspace       used 89017K, committed 90688K, reserved 1179648K
  class space    used 8933K, committed 9600K, reserved 1048576K
}
Event: 241.273 GC heap after
{Heap after GC invocations=918 (full 31):
 PSYoungGen      total 11776K, used 9642K [0x00000000eab00000, 0x00000000eb900000, 0x0000000100000000)
  eden space 9216K, 89% used [0x00000000eab00000,0x00000000eb311718,0x00000000eb400000)
  from space 2560K, 53% used [0x00000000eb600000,0x00000000eb759210,0x00000000eb880000)
  to   space 2048K, 9% used [0x00000000eb400000,0x00000000eb430000,0x00000000eb600000)
 ParOldGen       total 454656K, used 450479K [0x00000000c0000000, 0x00000000dbc00000, 0x00000000eab00000)
  object space 454656K, 99% used [0x00000000c0000000,0x00000000db7ebd40,0x00000000dbc00000)
 Metaspace       used 89017K, committed 90688K, reserved 1179648K
  class space    used 8933K, committed 9600K, reserved 1048576K
}
Event: 241.273 GC heap before
{Heap before GC invocations=919 (full 32):
 PSYoungGen      total 11776K, used 9642K [0x00000000eab00000, 0x00000000eb900000, 0x0000000100000000)
  eden space 9216K, 89% used [0x00000000eab00000,0x00000000eb311718,0x00000000eb400000)
  from space 2560K, 53% used [0x00000000eb600000,0x00000000eb759210,0x00000000eb880000)
  to   space 2048K, 9% used [0x00000000eb400000,0x00000000eb430000,0x00000000eb600000)
 ParOldGen       total 454656K, used 450479K [0x00000000c0000000, 0x00000000dbc00000, 0x00000000eab00000)
  object space 454656K, 99% used [0x00000000c0000000,0x00000000db7ebd40,0x00000000dbc00000)
 Metaspace       used 89017K, committed 90688K, reserved 1179648K
  class space    used 8933K, committed 9600K, reserved 1048576K
}
Event: 241.403 GC heap after
{Heap after GC invocations=919 (full 32):
 PSYoungGen      total 11264K, used 0K [0x00000000eab00000, 0x00000000eba00000, 0x0000000100000000)
  eden space 9216K, 0% used [0x00000000eab00000,0x00000000eab00000,0x00000000eb400000)
  from space 2048K, 0% used [0x00000000eb400000,0x00000000eb400000,0x00000000eb600000)
  to   space 2048K, 0% used [0x00000000eb800000,0x00000000eb800000,0x00000000eba00000)
 ParOldGen       total 454656K, used 408408K [0x00000000c0000000, 0x00000000dbc00000, 0x00000000eab00000)
  object space 454656K, 89% used [0x00000000c0000000,0x00000000d8ed6370,0x00000000dbc00000)
 Metaspace       used 89017K, committed 90688K, reserved 1179648K
  class space    used 8933K, committed 9600K, reserved 1048576K
}
Event: 241.420 GC heap before
{Heap before GC invocations=920 (full 32):
 PSYoungGen      total 11264K, used 9216K [0x00000000eab00000, 0x00000000eba00000, 0x0000000100000000)
  eden space 9216K, 100% used [0x00000000eab00000,0x00000000eb400000,0x00000000eb400000)
  from space 2048K, 0% used [0x00000000eb400000,0x00000000eb400000,0x00000000eb600000)
  to   space 2048K, 0% used [0x00000000eb800000,0x00000000eb800000,0x00000000eba00000)
 ParOldGen       total 454656K, used 431448K [0x00000000c0000000, 0x00000000dbc00000, 0x00000000eab00000)
  object space 454656K, 94% used [0x00000000c0000000,0x00000000da556390,0x00000000dbc00000)
 Metaspace       used 89036K, committed 90688K, reserved 1179648K
  class space    used 8933K, committed 9600K, reserved 1048576K
}
Event: 241.432 GC heap after
{Heap after GC invocations=920 (full 32):
 PSYoungGen      total 13312K, used 1550K [0x00000000eab00000, 0x00000000eba00000, 0x0000000100000000)
  eden space 11264K, 0% used [0x00000000eab00000,0x00000000eab00000,0x00000000eb600000)
  from space 2048K, 75% used [0x00000000eb800000,0x00000000eb983b00,0x00000000eba00000)
  to   space 2048K, 0% used [0x00000000eb600000,0x00000000eb600000,0x00000000eb800000)
 ParOldGen       total 454656K, used 431448K [0x00000000c0000000, 0x00000000dbc00000, 0x00000000eab00000)
  object space 454656K, 94% used [0x00000000c0000000,0x00000000da556390,0x00000000dbc00000)
 Metaspace       used 89036K, committed 90688K, reserved 1179648K
  class space    used 8933K, committed 9600K, reserved 1048576K
}
Event: 241.464 GC heap before
{Heap before GC invocations=921 (full 32):
 PSYoungGen      total 13312K, used 12814K [0x00000000eab00000, 0x00000000eba00000, 0x0000000100000000)
  eden space 11264K, 100% used [0x00000000eab00000,0x00000000eb600000,0x00000000eb600000)
  from space 2048K, 75% used [0x00000000eb800000,0x00000000eb983b00,0x00000000eba00000)
  to   space 2048K, 0% used [0x00000000eb600000,0x00000000eb600000,0x00000000eb800000)
 ParOldGen       total 454656K, used 431448K [0x00000000c0000000, 0x00000000dbc00000, 0x00000000eab00000)
  object space 454656K, 94% used [0x00000000c0000000,0x00000000da556390,0x00000000dbc00000)
 Metaspace       used 89074K, committed 90688K, reserved 1179648K
  class space    used 8935K, committed 9600K, reserved 1048576K
}
Event: 241.467 GC heap after
{Heap after GC invocations=921 (full 32):
 PSYoungGen      total 13312K, used 1178K [0x00000000eab00000, 0x00000000eba00000, 0x0000000100000000)
  eden space 11264K, 0% used [0x00000000eab00000,0x00000000eab00000,0x00000000eb600000)
  from space 2048K, 57% used [0x00000000eb600000,0x00000000eb726920,0x00000000eb800000)
  to   space 2048K, 0% used [0x00000000eb800000,0x00000000eb800000,0x00000000eba00000)
 ParOldGen       total 454656K, used 432797K [0x00000000c0000000, 0x00000000dbc00000, 0x00000000eab00000)
  object space 454656K, 95% used [0x00000000c0000000,0x00000000da6a7468,0x00000000dbc00000)
 Metaspace       used 89074K, committed 90688K, reserved 1179648K
  class space    used 8935K, committed 9600K, reserved 1048576K
}
Event: 241.479 GC heap before
{Heap before GC invocations=922 (full 32):
 PSYoungGen      total 13312K, used 12442K [0x00000000eab00000, 0x00000000eba00000, 0x0000000100000000)
  eden space 11264K, 100% used [0x00000000eab00000,0x00000000eb600000,0x00000000eb600000)
  from space 2048K, 57% used [0x00000000eb600000,0x00000000eb726920,0x00000000eb800000)
  to   space 2048K, 0% used [0x00000000eb800000,0x00000000eb800000,0x00000000eba00000)
 ParOldGen       total 454656K, used 432797K [0x00000000c0000000, 0x00000000dbc00000, 0x00000000eab00000)
  object space 454656K, 95% used [0x00000000c0000000,0x00000000da6a7468,0x00000000dbc00000)
 Metaspace       used 89079K, committed 90688K, reserved 1179648K
  class space    used 8935K, committed 9600K, reserved 1048576K
}
Event: 241.482 GC heap after
{Heap after GC invocations=922 (full 32):
 PSYoungGen      total 13312K, used 1363K [0x00000000eab00000, 0x00000000eba00000, 0x0000000100000000)
  eden space 11264K, 0% used [0x00000000eab00000,0x00000000eab00000,0x00000000eb600000)
  from space 2048K, 66% used [0x00000000eb800000,0x00000000eb954d10,0x00000000eba00000)
  to   space 2048K, 0% used [0x00000000eb600000,0x00000000eb600000,0x00000000eb800000)
 ParOldGen       total 454656K, used 433489K [0x00000000c0000000, 0x00000000dbc00000, 0x00000000eab00000)
  object space 454656K, 95% used [0x00000000c0000000,0x00000000da754700,0x00000000dbc00000)
 Metaspace       used 89079K, committed 90688K, reserved 1179648K
  class space    used 8935K, committed 9600K, reserved 1048576K
}
Event: 241.495 GC heap before
{Heap before GC invocations=923 (full 32):
 PSYoungGen      total 13312K, used 12613K [0x00000000eab00000, 0x00000000eba00000, 0x0000000100000000)
  eden space 11264K, 99% used [0x00000000eab00000,0x00000000eb5fc8f0,0x00000000eb600000)
  from space 2048K, 66% used [0x00000000eb800000,0x00000000eb954d10,0x00000000eba00000)
  to   space 2048K, 0% used [0x00000000eb600000,0x00000000eb600000,0x00000000eb800000)
 ParOldGen       total 454656K, used 433489K [0x00000000c0000000, 0x00000000dbc00000, 0x00000000eab00000)
  object space 454656K, 95% used [0x00000000c0000000,0x00000000da754700,0x00000000dbc00000)
 Metaspace       used 89081K, committed 90688K, reserved 1179648K
  class space    used 8935K, committed 9600K, reserved 1048576K
}
Event: 241.498 GC heap after
{Heap after GC invocations=923 (full 32):
 PSYoungGen      total 13312K, used 826K [0x00000000eab00000, 0x00000000eba00000, 0x0000000100000000)
  eden space 11264K, 0% used [0x00000000eab00000,0x00000000eab00000,0x00000000eb600000)
  from space 2048K, 40% used [0x00000000eb600000,0x00000000eb6ce900,0x00000000eb800000)
  to   space 2048K, 0% used [0x00000000eb800000,0x00000000eb800000,0x00000000eba00000)
 ParOldGen       total 454656K, used 434544K [0x00000000c0000000, 0x00000000dbc00000, 0x00000000eab00000)
  object space 454656K, 95% used [0x00000000c0000000,0x00000000da85c2d8,0x00000000dbc00000)
 Metaspace       used 89081K, committed 90688K, reserved 1179648K
  class space    used 8935K, committed 9600K, reserved 1048576K
}

